T7E30 000:000.812   SEGGER J-Link V8.12c Log File
T7E30 000:000.931   DLL Compiled: Jan 22 2025 12:55:59
T7E30 000:000.937   Logging started @ 2025-09-10 07:05
T7E30 000:000.942   Process: C:\Users\jin05\.eclipse\com.renesas.platform_1309835749\DebugComp\RA\e2-server-gdb.exe
T7E30 000:000.951 - 0.947ms 
T7E30 000:000.980 JLINK_GetDLLVersion()
T7E30 000:000.986 - 0.022ms returns 81203
T7E30 000:003.436 JLINK_OpenEx(...)
T7E30 000:011.750   Firmware: J-Link OB-RA4M2 compiled Jan 22 2025 10:52:12
T7E30 000:013.751   Firmware: J-Link OB-RA4M2 compiled Jan 22 2025 10:52:12
T7E30 000:030.231   Hardware: V1.00
T7E30 000:030.252   S/N: 1089896552
T7E30 000:030.258   OEM: SEGGER
T7E30 000:030.264   Feature(s): None
T7E30 000:033.018   Bootloader: 2021 May 14
T7E30 000:035.329   USB speed mode: Full speed (12 MBit/s)
T7E30 000:035.902   TELNET listener socket opened on port 19021
T7E30 000:036.059   WEBSRV WEBSRV_Init(): Starting webserver thread(s)
T7E30 000:036.290   WEBSRV Webserver running on local port 19080
T7E30 000:036.587   Looking for J-Link GUI Server exe at: C:\Users\jin05\.eclipse\com.renesas.platform_1309835749\DebugComp\RA\ARM\Segger_v8.12.3\JLinkGUIServer.exe
T7E30 000:036.760   Looking for J-Link GUI Server exe at: C:\Program Files\SEGGER\JLink_V864a\JLinkGUIServer.exe
T7E30 000:036.794   Forking J-Link GUI Server: C:\Program Files\SEGGER\JLink_V864a\JLinkGUIServer.exe
T7E30 000:066.696   J-Link GUI Server info: "J-Link GUI server V8.64a "
T7E30 000:071.177 - 67.738ms returns "O.K."
T7E30 000:071.276 JLINK_TIF_Select(JLINKARM_TIF_SWD)
T7E30 000:071.696 - 0.419ms returns 0x00
T7E30 000:071.712 JLINK_ClrRESET()
T7E30 000:071.928 - 0.215ms 
T7E30 000:122.913 JLINK_SetSpeed(1500)
T7E30 000:123.271 - 0.363ms 
T7E30 000:123.297 JLINK_CORESIGHT_Configure(PerformTIFInit=0)
T7E30 000:123.651 - 0.357ms returns 0
T7E30 000:123.678 JLINK_CORESIGHT_ReadAPDPReg(DP reg 0x00)
T7E30 000:124.075   Value=0x6BA02477
T7E30 000:124.091 - 0.415ms returns 0
T7E30 000:124.103 JLINK_CORESIGHT_WriteAPDPReg(DP reg 0x00, 0x0000001F)
T7E30 000:124.297 - 0.194ms returns 0
T7E30 000:124.312 JLINK_CORESIGHT_ReadAPDPReg(DP reg 0x00)
T7E30 000:124.501   Value=0x6BA02477
T7E30 000:124.516 - 0.203ms returns 0
T7E30 000:124.524 JLINK_CORESIGHT_WriteAPDPReg(DP reg 0x02, 0x00000000)
T7E30 000:124.691 - 0.167ms returns 0
T7E30 000:124.699 JLINK_CORESIGHT_WriteAPDPReg(DP reg 0x01, 0x50000000)
T7E30 000:124.888 - 0.189ms returns 0
T7E30 000:124.912 JLINK_CORESIGHT_ReadAPDPReg(DP reg 0x01)
T7E30 000:125.136   Value=0xF0000040
T7E30 000:125.152 - 0.240ms returns 0
T7E30 000:125.161 JLINK_CORESIGHT_WriteAPDPReg(DP reg 0x00, 0x0000001F)
T7E30 000:125.346 - 0.184ms returns 0
T7E30 000:125.358 JLINK_CORESIGHT_ReadAPDPReg(DP reg 0x00)
T7E30 000:125.566   Value=0x6BA02477
T7E30 000:125.576 - 0.218ms returns 0
T7E30 000:125.585 JLINK_CORESIGHT_WriteAPDPReg(DP reg 0x01, 0x54000000)
T7E30 000:125.768 - 0.182ms returns 0
T7E30 000:125.779 JLINK_CORESIGHT_WriteAPDPReg(DP reg 0x01, 0x50000F00)
T7E30 000:125.992 - 0.213ms returns 0
T7E30 000:126.004 JLINK_CORESIGHT_WriteAPDPReg(DP reg 0x02, 0x01000000)
T7E30 000:126.189 - 0.184ms returns 0
T7E30 000:126.205 JLINK_CORESIGHT_WriteAPDPReg(AP reg 0x00, 0x80000002)
T7E30 000:126.388 - 0.182ms returns 0
T7E30 000:126.403 JLINK_CORESIGHT_WriteAPDPReg(AP reg 0x01, 0x80011100)
T7E30 000:126.584 - 0.182ms returns 0
T7E30 000:126.596 JLINK_CORESIGHT_WriteAPDPReg(AP reg 0x03, 0x000000A5)
T7E30 000:126.784 - 0.187ms returns 0
T7E30 000:126.802 JLINK_CORESIGHT_WriteAPDPReg(AP reg 0x00, 0x80000002)
T7E30 000:126.996 - 0.194ms returns 0
T7E30 000:127.010 JLINK_CORESIGHT_WriteAPDPReg(AP reg 0x01, 0x80011100)
T7E30 000:127.196 - 0.185ms returns 0
T7E30 000:127.209 JLINK_CORESIGHT_ReadAPDPReg(AP reg 0x03)
T7E30 000:127.445   Value=0x000000A5
T7E30 000:127.458 - 0.249ms returns 0
T7E30 000:127.467 JLINK_ClrTMS()
T7E30 000:127.533 - 0.064ms 
T7E30 000:132.851 JLINK_SetTCK()
T7E30 000:132.975 - 0.124ms returns 0
T7E30 000:138.900 JLINK_SetRESET()
T7E30 000:139.043 - 0.143ms 
T7E30 000:340.105 JLINK_CORESIGHT_WriteAPDPReg(AP reg 0x00, 0x80000002)
T7E30 000:340.400 - 0.296ms returns 0
T7E30 000:340.416 JLINK_CORESIGHT_WriteAPDPReg(AP reg 0x01, 0x80011100)
T7E30 000:340.676 - 0.260ms returns 0
T7E30 000:340.691 JLINK_CORESIGHT_ReadAPDPReg(AP reg 0x03)
T7E30 000:341.012   Value=0x00000000
T7E30 000:341.026 - 0.335ms returns 0
T7E30 000:341.035 JLINK_CORESIGHT_WriteAPDPReg(AP reg 0x00, 0x80000002)
T7E30 000:341.290 - 0.254ms returns 0
T7E30 000:341.304 JLINK_CORESIGHT_WriteAPDPReg(AP reg 0x01, 0x80011140)
T7E30 000:341.562 - 0.257ms returns 0
T7E30 000:341.577 JLINK_CORESIGHT_ReadAPDPReg(AP reg 0x03)
T7E30 000:341.942   Value=0x00000002
T7E30 000:341.956 - 0.378ms returns 0
T7E30 000:341.968 JLINK_CORESIGHT_WriteAPDPReg(AP reg 0x00, 0x80000002)
T7E30 000:342.225 - 0.257ms returns 0
T7E30 000:342.240 JLINK_CORESIGHT_WriteAPDPReg(AP reg 0x01, 0x80011120)
T7E30 000:342.527 - 0.287ms returns 0
T7E30 000:342.541 JLINK_CORESIGHT_WriteAPDPReg(AP reg 0x03, 0x00000055)
T7E30 000:342.792 - 0.250ms returns 0
T7E30 000:342.806 JLINK_CORESIGHT_WriteAPDPReg(AP reg 0x00, 0x80000002)
T7E30 000:343.059 - 0.252ms returns 0
T7E30 000:343.075 JLINK_CORESIGHT_WriteAPDPReg(AP reg 0x01, 0x80011140)
T7E30 000:343.290 - 0.214ms returns 0
T7E30 000:343.311 JLINK_CORESIGHT_ReadAPDPReg(AP reg 0x03)
T7E30 000:343.552   Value=0x00000000
T7E30 000:343.569 - 0.257ms returns 0
T7E30 000:343.578 JLINK_CORESIGHT_WriteAPDPReg(AP reg 0x00, 0x80000002)
T7E30 000:343.759 - 0.180ms returns 0
T7E30 000:343.781 JLINK_CORESIGHT_WriteAPDPReg(AP reg 0x01, 0x80011130)
T7E30 000:344.033 - 0.252ms returns 0
T7E30 000:344.047 JLINK_CORESIGHT_ReadAPDPReg(AP reg 0x03)
T7E30 000:344.317   Value=0x000000C6
T7E30 000:344.335 - 0.287ms returns 0
T7E30 000:344.352 JLINK_CORESIGHT_WriteAPDPReg(AP reg 0x00, 0x80000002)
T7E30 000:344.529 - 0.177ms returns 0
T7E30 000:344.538 JLINK_CORESIGHT_WriteAPDPReg(AP reg 0x01, 0x80011140)
T7E30 000:344.705 - 0.166ms returns 0
T7E30 000:344.712 JLINK_CORESIGHT_ReadAPDPReg(AP reg 0x03)
T7E30 000:344.935   Value=0x00000002
T7E30 000:344.943 - 0.230ms returns 0
T7E30 000:344.949 JLINK_CORESIGHT_WriteAPDPReg(AP reg 0x00, 0x80000002)
T7E30 000:345.156 - 0.207ms returns 0
T7E30 000:345.164 JLINK_CORESIGHT_WriteAPDPReg(AP reg 0x01, 0x80011120)
T7E30 000:345.327 - 0.163ms returns 0
T7E30 000:345.334 JLINK_CORESIGHT_WriteAPDPReg(AP reg 0x03, 0x3A010001)
T7E30 000:345.503 - 0.168ms returns 0
T7E30 000:345.510 JLINK_CORESIGHT_WriteAPDPReg(AP reg 0x00, 0x80000002)
T7E30 000:345.671 - 0.161ms returns 0
T7E30 000:345.678 JLINK_CORESIGHT_WriteAPDPReg(AP reg 0x01, 0x80011140)
T7E30 000:345.883 - 0.204ms returns 0
T7E30 000:345.890 JLINK_CORESIGHT_ReadAPDPReg(AP reg 0x03)
T7E30 000:346.131   Value=0x00000002
T7E30 000:346.139 - 0.249ms returns 0
T7E30 000:346.146 JLINK_CORESIGHT_WriteAPDPReg(AP reg 0x00, 0x80000002)
T7E30 000:346.314 - 0.168ms returns 0
T7E30 000:346.321 JLINK_CORESIGHT_WriteAPDPReg(AP reg 0x01, 0x80011120)
T7E30 000:346.534 - 0.213ms returns 0
T7E30 000:346.541 JLINK_CORESIGHT_WriteAPDPReg(AP reg 0x03, 0x000003C5)
T7E30 000:346.753 - 0.211ms returns 0
T7E30 000:346.760 JLINK_CORESIGHT_WriteAPDPReg(AP reg 0x00, 0x80000002)
T7E30 000:346.991 - 0.231ms returns 0
T7E30 000:346.998 JLINK_CORESIGHT_WriteAPDPReg(AP reg 0x01, 0x80011140)
T7E30 000:347.209 - 0.210ms returns 0
T7E30 000:347.216 JLINK_CORESIGHT_ReadAPDPReg(AP reg 0x03)
T7E30 000:347.473   Value=0x00000002
T7E30 000:347.480 - 0.264ms returns 0
T7E30 000:347.487 JLINK_CORESIGHT_ReadAPDPReg(AP reg 0x03)
T7E30 000:347.742   Value=0x00000002
T7E30 000:347.750 - 0.263ms returns 0
T7E30 000:347.756 JLINK_CORESIGHT_ReadAPDPReg(AP reg 0x03)
T7E30 000:348.040   Value=0x00000002
T7E30 000:348.048 - 0.291ms returns 0
T7E30 000:348.054 JLINK_CORESIGHT_ReadAPDPReg(AP reg 0x03)
T7E30 000:348.322   Value=0x00000002
T7E30 000:348.329 - 0.275ms returns 0
T7E30 000:348.335 JLINK_CORESIGHT_ReadAPDPReg(AP reg 0x03)
T7E30 000:348.545   Value=0x00000002
T7E30 000:348.552 - 0.216ms returns 0
T7E30 000:348.558 JLINK_CORESIGHT_ReadAPDPReg(AP reg 0x03)
T7E30 000:348.771   Value=0x00000002
T7E30 000:348.779 - 0.220ms returns 0
T7E30 000:348.785 JLINK_CORESIGHT_ReadAPDPReg(AP reg 0x03)
T7E30 000:348.989   Value=0x00000000
T7E30 000:348.997 - 0.212ms returns 0
T7E30 000:349.003 JLINK_CORESIGHT_WriteAPDPReg(AP reg 0x00, 0x80000002)
T7E30 000:349.161 - 0.158ms returns 0
T7E30 000:349.168 JLINK_CORESIGHT_WriteAPDPReg(AP reg 0x01, 0x80011130)
T7E30 000:349.327 - 0.159ms returns 0
T7E30 000:349.333 JLINK_CORESIGHT_ReadAPDPReg(AP reg 0x03)
T7E30 000:349.542   Value=0x3A2A0081
T7E30 000:349.550 - 0.216ms returns 0
T7E30 000:349.556 JLINK_CORESIGHT_WriteAPDPReg(AP reg 0x00, 0x80000002)
T7E30 000:349.715 - 0.158ms returns 0
T7E30 000:349.722 JLINK_CORESIGHT_WriteAPDPReg(AP reg 0x01, 0x80011140)
T7E30 000:349.882 - 0.160ms returns 0
T7E30 000:349.889 JLINK_CORESIGHT_ReadAPDPReg(AP reg 0x03)
T7E30 000:350.122   Value=0x00000000
T7E30 000:350.130 - 0.240ms returns 0
T7E30 000:350.136 JLINK_CORESIGHT_WriteAPDPReg(AP reg 0x00, 0x80000002)
T7E30 000:350.299 - 0.162ms returns 0
T7E30 000:350.306 JLINK_CORESIGHT_WriteAPDPReg(AP reg 0x01, 0x80011130)
T7E30 000:350.471 - 0.164ms returns 0
T7E30 000:350.477 JLINK_CORESIGHT_ReadAPDPReg(AP reg 0x03)
T7E30 000:350.688   Value=0x808D5B00
T7E30 000:350.695 - 0.217ms returns 0
T7E30 000:350.702 JLINK_CORESIGHT_WriteAPDPReg(AP reg 0x00, 0x80000002)
T7E30 000:350.883 - 0.181ms returns 0
T7E30 000:350.890 JLINK_CORESIGHT_WriteAPDPReg(AP reg 0x01, 0x80011140)
T7E30 000:351.050 - 0.160ms returns 0
T7E30 000:351.059 JLINK_CORESIGHT_ReadAPDPReg(AP reg 0x03)
T7E30 000:351.269   Value=0x00000000
T7E30 000:351.276 - 0.217ms returns 0
T7E30 000:351.283 JLINK_CORESIGHT_WriteAPDPReg(AP reg 0x00, 0x80000002)
T7E30 000:351.441 - 0.158ms returns 0
T7E30 000:351.448 JLINK_CORESIGHT_WriteAPDPReg(AP reg 0x01, 0x80011130)
T7E30 000:351.606 - 0.158ms returns 0
T7E30 000:351.613 JLINK_CORESIGHT_ReadAPDPReg(AP reg 0x03)
T7E30 000:351.882   Value=0x0603030B
T7E30 000:351.890 - 0.277ms returns 0
T7E30 000:351.896 JLINK_CORESIGHT_WriteAPDPReg(AP reg 0x00, 0x80000002)
T7E30 000:352.056 - 0.159ms returns 0
T7E30 000:352.066 JLINK_CORESIGHT_WriteAPDPReg(AP reg 0x01, 0x80011140)
T7E30 000:352.230 - 0.164ms returns 0
T7E30 000:352.239 JLINK_CORESIGHT_ReadAPDPReg(AP reg 0x03)
T7E30 000:352.452   Value=0x00000000
T7E30 000:352.460 - 0.220ms returns 0
T7E30 000:352.468 JLINK_CORESIGHT_WriteAPDPReg(AP reg 0x00, 0x80000002)
T7E30 000:352.630 - 0.162ms returns 0
T7E30 000:352.639 JLINK_CORESIGHT_WriteAPDPReg(AP reg 0x01, 0x80011130)
T7E30 000:352.801 - 0.161ms returns 0
T7E30 000:352.810 JLINK_CORESIGHT_ReadAPDPReg(AP reg 0x03)
T7E30 000:353.066   Value=0x2E4B4E20
T7E30 000:353.073 - 0.263ms returns 0
T7E30 000:353.082 JLINK_CORESIGHT_WriteAPDPReg(AP reg 0x00, 0x80000002)
T7E30 000:353.243 - 0.161ms returns 0
T7E30 000:353.252 JLINK_CORESIGHT_WriteAPDPReg(AP reg 0x01, 0x80011140)
T7E30 000:353.413 - 0.161ms returns 0
T7E30 000:353.422 JLINK_CORESIGHT_ReadAPDPReg(AP reg 0x03)
T7E30 000:353.633   Value=0x00000000
T7E30 000:353.641 - 0.219ms returns 0
T7E30 000:353.649 JLINK_CORESIGHT_WriteAPDPReg(AP reg 0x00, 0x80000002)
T7E30 000:353.883 - 0.233ms returns 0
T7E30 000:353.892 JLINK_CORESIGHT_WriteAPDPReg(AP reg 0x01, 0x80011130)
T7E30 000:354.053 - 0.161ms returns 0
T7E30 000:354.062 JLINK_CORESIGHT_ReadAPDPReg(AP reg 0x03)
T7E30 000:354.276   Value=0x4EFCB292
T7E30 000:354.291 - 0.228ms returns 0
T7E30 000:354.302 JLINK_CORESIGHT_WriteAPDPReg(AP reg 0x00, 0x80000002)
T7E30 000:354.478 - 0.175ms returns 0
T7E30 000:354.488 JLINK_CORESIGHT_WriteAPDPReg(AP reg 0x01, 0x80011140)
T7E30 000:354.655 - 0.167ms returns 0
T7E30 000:354.664 JLINK_CORESIGHT_ReadAPDPReg(AP reg 0x03)
T7E30 000:354.884   Value=0x00000000
T7E30 000:354.892 - 0.228ms returns 0
T7E30 000:354.901 JLINK_CORESIGHT_WriteAPDPReg(AP reg 0x00, 0x80000002)
T7E30 000:355.062 - 0.161ms returns 0
T7E30 000:355.071 JLINK_CORESIGHT_WriteAPDPReg(AP reg 0x01, 0x80011130)
T7E30 000:355.232 - 0.160ms returns 0
T7E30 000:355.241 JLINK_CORESIGHT_ReadAPDPReg(AP reg 0x03)
T7E30 000:355.456   Value=0x34503036
T7E30 000:355.464 - 0.223ms returns 0
T7E30 000:355.472 JLINK_CORESIGHT_WriteAPDPReg(AP reg 0x00, 0x80000002)
T7E30 000:355.634 - 0.161ms returns 0
T7E30 000:355.643 JLINK_CORESIGHT_WriteAPDPReg(AP reg 0x01, 0x80011140)
T7E30 000:355.805 - 0.162ms returns 0
T7E30 000:355.814 JLINK_CORESIGHT_ReadAPDPReg(AP reg 0x03)
T7E30 000:356.066   Value=0x00000000
T7E30 000:356.073 - 0.259ms returns 0
T7E30 000:356.082 JLINK_CORESIGHT_WriteAPDPReg(AP reg 0x00, 0x80000002)
T7E30 000:356.239 - 0.157ms returns 0
T7E30 000:356.248 JLINK_CORESIGHT_WriteAPDPReg(AP reg 0x01, 0x80011130)
T7E30 000:356.410 - 0.161ms returns 0
T7E30 000:356.419 JLINK_CORESIGHT_ReadAPDPReg(AP reg 0x03)
T7E30 000:356.634   Value=0x6B142D36
T7E30 000:356.641 - 0.222ms returns 0
T7E30 000:356.650 JLINK_CORESIGHT_WriteAPDPReg(AP reg 0x00, 0x80000002)
T7E30 000:356.885 - 0.235ms returns 0
T7E30 000:356.894 JLINK_CORESIGHT_WriteAPDPReg(AP reg 0x01, 0x80011140)
T7E30 000:357.056 - 0.162ms returns 0
T7E30 000:357.065 JLINK_CORESIGHT_ReadAPDPReg(AP reg 0x03)
T7E30 000:357.277   Value=0x00000000
T7E30 000:357.285 - 0.219ms returns 0
T7E30 000:357.293 JLINK_CORESIGHT_WriteAPDPReg(AP reg 0x00, 0x80000002)
T7E30 000:357.455 - 0.161ms returns 0
T7E30 000:357.466 JLINK_CORESIGHT_WriteAPDPReg(AP reg 0x01, 0x80011130)
T7E30 000:357.628 - 0.162ms returns 0
T7E30 000:357.637 JLINK_CORESIGHT_ReadAPDPReg(AP reg 0x03)
T7E30 000:357.883   Value=0x46375285
T7E30 000:357.891 - 0.253ms returns 0
T7E30 000:357.899 JLINK_CORESIGHT_WriteAPDPReg(AP reg 0x00, 0x80000002)
T7E30 000:358.060 - 0.161ms returns 0
T7E30 000:358.069 JLINK_CORESIGHT_WriteAPDPReg(AP reg 0x01, 0x80011140)
T7E30 000:358.230 - 0.161ms returns 0
T7E30 000:358.239 JLINK_CORESIGHT_ReadAPDPReg(AP reg 0x03)
T7E30 000:358.452   Value=0x00000000
T7E30 000:358.459 - 0.220ms returns 0
T7E30 000:358.468 JLINK_CORESIGHT_WriteAPDPReg(AP reg 0x00, 0x80000002)
T7E30 000:358.629 - 0.161ms returns 0
T7E30 000:358.638 JLINK_CORESIGHT_WriteAPDPReg(AP reg 0x01, 0x80011130)
T7E30 000:358.803 - 0.165ms returns 0
T7E30 000:358.812 JLINK_CORESIGHT_ReadAPDPReg(AP reg 0x03)
T7E30 000:359.158   Value=0x31443841
T7E30 000:359.172 - 0.359ms returns 0
T7E30 000:359.184 JLINK_CORESIGHT_WriteAPDPReg(AP reg 0x00, 0x80000002)
T7E30 000:359.376 - 0.192ms returns 0
T7E30 000:359.390 JLINK_CORESIGHT_WriteAPDPReg(AP reg 0x01, 0x80011140)
T7E30 000:359.563 - 0.173ms returns 0
T7E30 000:359.577 JLINK_CORESIGHT_ReadAPDPReg(AP reg 0x03)
T7E30 000:359.797   Value=0x00000000
T7E30 000:359.810 - 0.232ms returns 0
T7E30 000:359.821 JLINK_CORESIGHT_WriteAPDPReg(AP reg 0x00, 0x80000002)
T7E30 000:360.026 - 0.204ms returns 0
T7E30 000:360.040 JLINK_CORESIGHT_WriteAPDPReg(AP reg 0x01, 0x80011130)
T7E30 000:360.209 - 0.169ms returns 0
T7E30 000:360.219 JLINK_CORESIGHT_ReadAPDPReg(AP reg 0x03)
T7E30 000:360.440   Value=0x43454842
T7E30 000:360.452 - 0.232ms returns 0
T7E30 000:360.463 JLINK_CORESIGHT_WriteAPDPReg(AP reg 0x00, 0x80000002)
T7E30 000:360.638 - 0.175ms returns 0
T7E30 000:360.647 JLINK_CORESIGHT_WriteAPDPReg(AP reg 0x01, 0x80011140)
T7E30 000:360.888 - 0.241ms returns 0
T7E30 000:360.898 JLINK_CORESIGHT_ReadAPDPReg(AP reg 0x03)
T7E30 000:361.143   Value=0x00000000
T7E30 000:361.155 - 0.256ms returns 0
T7E30 000:361.165 JLINK_CORESIGHT_WriteAPDPReg(AP reg 0x00, 0x80000002)
T7E30 000:361.336 - 0.171ms returns 0
T7E30 000:361.349 JLINK_CORESIGHT_WriteAPDPReg(AP reg 0x01, 0x80011130)
T7E30 000:361.519 - 0.169ms returns 0
T7E30 000:361.531 JLINK_CORESIGHT_ReadAPDPReg(AP reg 0x03)
T7E30 000:361.748   Value=0x20204442
T7E30 000:361.757 - 0.226ms returns 0
T7E30 000:361.767 JLINK_CORESIGHT_WriteAPDPReg(AP reg 0x00, 0x80000002)
T7E30 000:361.992 - 0.225ms returns 0
T7E30 000:362.003 JLINK_CORESIGHT_WriteAPDPReg(AP reg 0x01, 0x80011140)
T7E30 000:362.167 - 0.164ms returns 0
T7E30 000:362.183 JLINK_CORESIGHT_ReadAPDPReg(AP reg 0x03)
T7E30 000:362.398   Value=0x00000000
T7E30 000:362.407 - 0.224ms returns 0
T7E30 000:362.460 JLINK_CORESIGHT_WriteAPDPReg(AP reg 0x00, 0x80000002)
T7E30 000:362.630 - 0.170ms returns 0
T7E30 000:362.642 JLINK_CORESIGHT_WriteAPDPReg(AP reg 0x01, 0x80011130)
T7E30 000:362.810 - 0.167ms returns 0
T7E30 000:362.822 JLINK_CORESIGHT_ReadAPDPReg(AP reg 0x03)
T7E30 000:363.080   Value=0x0003A220
T7E30 000:363.091 - 0.269ms returns 0
T7E30 000:363.753 JLINK_CORESIGHT_WriteAPDPReg(AP reg 0x00, 0x80000002)
T7E30 000:363.943 - 0.190ms returns 0
T7E30 000:363.955 JLINK_CORESIGHT_WriteAPDPReg(AP reg 0x01, 0x80011140)
T7E30 000:364.126 - 0.170ms returns 0
T7E30 000:364.139 JLINK_CORESIGHT_ReadAPDPReg(AP reg 0x03)
T7E30 000:364.362   Value=0x00000002
T7E30 000:364.370 - 0.231ms returns 0
T7E30 000:364.377 JLINK_CORESIGHT_WriteAPDPReg(AP reg 0x00, 0x80000002)
T7E30 000:364.542 - 0.165ms returns 0
T7E30 000:364.551 JLINK_CORESIGHT_WriteAPDPReg(AP reg 0x01, 0x80011120)
T7E30 000:364.716 - 0.164ms returns 0
T7E30 000:364.724 JLINK_CORESIGHT_WriteAPDPReg(AP reg 0x03, 0x2C010001)
T7E30 000:364.884 - 0.159ms returns 0
T7E30 000:364.893 JLINK_CORESIGHT_WriteAPDPReg(AP reg 0x00, 0x80000002)
T7E30 000:365.060 - 0.166ms returns 0
T7E30 000:365.072 JLINK_CORESIGHT_WriteAPDPReg(AP reg 0x01, 0x80011140)
T7E30 000:365.239 - 0.167ms returns 0
T7E30 000:365.247 JLINK_CORESIGHT_ReadAPDPReg(AP reg 0x03)
T7E30 000:365.470   Value=0x00000002
T7E30 000:365.482 - 0.235ms returns 0
T7E30 000:365.489 JLINK_CORESIGHT_WriteAPDPReg(AP reg 0x00, 0x80000002)
T7E30 000:365.658 - 0.168ms returns 0
T7E30 000:365.665 JLINK_CORESIGHT_WriteAPDPReg(AP reg 0x01, 0x80011120)
T7E30 000:365.885 - 0.219ms returns 0
T7E30 000:365.892 JLINK_CORESIGHT_WriteAPDPReg(AP reg 0x03, 0x000003D3)
T7E30 000:366.065 - 0.172ms returns 0
T7E30 000:366.082 JLINK_CORESIGHT_WriteAPDPReg(AP reg 0x00, 0x80000002)
T7E30 000:366.257 - 0.174ms returns 0
T7E30 000:366.266 JLINK_CORESIGHT_WriteAPDPReg(AP reg 0x01, 0x80011140)
T7E30 000:366.432 - 0.166ms returns 0
T7E30 000:366.440 JLINK_CORESIGHT_ReadAPDPReg(AP reg 0x03)
T7E30 000:366.654   Value=0x00000002
T7E30 000:366.664 - 0.223ms returns 0
T7E30 000:366.671 JLINK_CORESIGHT_ReadAPDPReg(AP reg 0x03)
T7E30 000:366.888   Value=0x00000002
T7E30 000:366.900 - 0.229ms returns 0
T7E30 000:366.907 JLINK_CORESIGHT_ReadAPDPReg(AP reg 0x03)
T7E30 000:367.128   Value=0x00000002
T7E30 000:367.137 - 0.229ms returns 0
T7E30 000:367.143 JLINK_CORESIGHT_ReadAPDPReg(AP reg 0x03)
T7E30 000:367.359   Value=0x00000002
T7E30 000:367.367 - 0.223ms returns 0
T7E30 000:367.373 JLINK_CORESIGHT_ReadAPDPReg(AP reg 0x03)
T7E30 000:367.586   Value=0x00000002
T7E30 000:367.594 - 0.220ms returns 0
T7E30 000:367.600 JLINK_CORESIGHT_ReadAPDPReg(AP reg 0x03)
T7E30 000:367.888   Value=0x00000002
T7E30 000:367.896 - 0.295ms returns 0
T7E30 000:367.902 JLINK_CORESIGHT_ReadAPDPReg(AP reg 0x03)
T7E30 000:368.112   Value=0x00000002
T7E30 000:368.120 - 0.218ms returns 0
T7E30 000:368.126 JLINK_CORESIGHT_ReadAPDPReg(AP reg 0x03)
T7E30 000:368.339   Value=0x00000002
T7E30 000:368.347 - 0.220ms returns 0
T7E30 000:368.353 JLINK_CORESIGHT_ReadAPDPReg(AP reg 0x03)
T7E30 000:368.566   Value=0x00000002
T7E30 000:368.574 - 0.220ms returns 0
T7E30 000:368.580 JLINK_CORESIGHT_ReadAPDPReg(AP reg 0x03)
T7E30 000:368.802   Value=0x00000002
T7E30 000:368.811 - 0.231ms returns 0
T7E30 000:368.818 JLINK_CORESIGHT_ReadAPDPReg(AP reg 0x03)
T7E30 000:369.041   Value=0x00000002
T7E30 000:369.049 - 0.231ms returns 0
T7E30 000:369.055 JLINK_CORESIGHT_ReadAPDPReg(AP reg 0x03)
T7E30 000:369.269   Value=0x00000002
T7E30 000:369.277 - 0.221ms returns 0
T7E30 000:369.283 JLINK_CORESIGHT_ReadAPDPReg(AP reg 0x03)
T7E30 000:369.492   Value=0x00000000
T7E30 000:369.500 - 0.216ms returns 0
T7E30 000:369.506 JLINK_CORESIGHT_WriteAPDPReg(AP reg 0x00, 0x80000002)
T7E30 000:369.666 - 0.160ms returns 0
T7E30 000:369.673 JLINK_CORESIGHT_WriteAPDPReg(AP reg 0x01, 0x80011130)
T7E30 000:369.883 - 0.210ms returns 0
T7E30 000:369.890 JLINK_CORESIGHT_ReadAPDPReg(AP reg 0x03)
T7E30 000:370.127   Value=0x2C020081
T7E30 000:370.134 - 0.244ms returns 0
T7E30 000:370.145 JLINK_CORESIGHT_WriteAPDPReg(AP reg 0x00, 0x80000002)
T7E30 000:370.308 - 0.162ms returns 0
T7E30 000:370.318 JLINK_CORESIGHT_WriteAPDPReg(AP reg 0x01, 0x80011140)
T7E30 000:370.477 - 0.158ms returns 0
T7E30 000:370.484 JLINK_CORESIGHT_ReadAPDPReg(AP reg 0x03)
T7E30 000:370.693   Value=0x00000000
T7E30 000:370.701 - 0.217ms returns 0
T7E30 000:370.708 JLINK_CORESIGHT_WriteAPDPReg(AP reg 0x00, 0x80000002)
T7E30 000:370.883 - 0.176ms returns 0
T7E30 000:370.890 JLINK_CORESIGHT_WriteAPDPReg(AP reg 0x01, 0x80011130)
T7E30 000:371.049 - 0.159ms returns 0
T7E30 000:371.056 JLINK_CORESIGHT_ReadAPDPReg(AP reg 0x03)
T7E30 000:371.262   Value=0x0003CE04
T7E30 000:371.270 - 0.213ms returns 0
T7E30 000:371.283 JLINK_CORESIGHT_WriteAPDPReg(AP reg 0x00, 0x80000002)
T7E30 000:371.443 - 0.159ms returns 0
T7E30 000:371.449 JLINK_CORESIGHT_WriteAPDPReg(AP reg 0x01, 0x80011140)
T7E30 000:371.609 - 0.159ms returns 0
T7E30 000:371.615 JLINK_CORESIGHT_ReadAPDPReg(AP reg 0x03)
T7E30 000:371.886   Value=0x00000002
T7E30 000:371.893 - 0.278ms returns 0
T7E30 000:371.900 JLINK_CORESIGHT_WriteAPDPReg(AP reg 0x00, 0x80000002)
T7E30 000:372.062 - 0.162ms returns 0
T7E30 000:372.069 JLINK_CORESIGHT_WriteAPDPReg(AP reg 0x01, 0x80011120)
T7E30 000:372.237 - 0.167ms returns 0
T7E30 000:372.246 JLINK_CORESIGHT_WriteAPDPReg(AP reg 0x03, 0x73010001)
T7E30 000:372.439 - 0.193ms returns 0
T7E30 000:372.452 JLINK_CORESIGHT_WriteAPDPReg(AP reg 0x00, 0x80000002)
T7E30 000:372.618 - 0.171ms returns 0
T7E30 000:372.625 JLINK_CORESIGHT_WriteAPDPReg(AP reg 0x01, 0x80011140)
T7E30 000:372.786 - 0.161ms returns 0
T7E30 000:372.793 JLINK_CORESIGHT_ReadAPDPReg(AP reg 0x03)
T7E30 000:373.068   Value=0x00000002
T7E30 000:373.088 - 0.294ms returns 0
T7E30 000:373.096 JLINK_CORESIGHT_WriteAPDPReg(AP reg 0x00, 0x80000002)
T7E30 000:373.264 - 0.168ms returns 0
T7E30 000:373.271 JLINK_CORESIGHT_WriteAPDPReg(AP reg 0x01, 0x80011120)
T7E30 000:373.430 - 0.159ms returns 0
T7E30 000:373.437 JLINK_CORESIGHT_WriteAPDPReg(AP reg 0x03, 0x0000038C)
T7E30 000:373.597 - 0.159ms returns 0
T7E30 000:373.603 JLINK_CORESIGHT_WriteAPDPReg(AP reg 0x00, 0x80000002)
T7E30 000:373.762 - 0.159ms returns 0
T7E30 000:373.769 JLINK_CORESIGHT_WriteAPDPReg(AP reg 0x01, 0x80011140)
T7E30 000:373.939 - 0.169ms returns 0
T7E30 000:373.946 JLINK_CORESIGHT_ReadAPDPReg(AP reg 0x03)
T7E30 000:374.158   Value=0x00000002
T7E30 000:374.165 - 0.219ms returns 0
T7E30 000:374.172 JLINK_CORESIGHT_ReadAPDPReg(AP reg 0x03)
T7E30 000:374.401   Value=0x00000002
T7E30 000:374.412 - 0.240ms returns 0
T7E30 000:374.421 JLINK_CORESIGHT_ReadAPDPReg(AP reg 0x03)
T7E30 000:374.650   Value=0x00000002
T7E30 000:374.668 - 0.246ms returns 0
T7E30 000:374.678 JLINK_CORESIGHT_ReadAPDPReg(AP reg 0x03)
T7E30 000:374.953   Value=0x00000000
T7E30 000:374.967 - 0.288ms returns 0
T7E30 000:374.975 JLINK_CORESIGHT_WriteAPDPReg(AP reg 0x00, 0x80000002)
T7E30 000:375.189 - 0.213ms returns 0
T7E30 000:375.203 JLINK_CORESIGHT_WriteAPDPReg(AP reg 0x01, 0x80011130)
T7E30 000:375.406 - 0.203ms returns 0
T7E30 000:375.421 JLINK_CORESIGHT_ReadAPDPReg(AP reg 0x03)
T7E30 000:375.674   Value=0x73020081
T7E30 000:375.688 - 0.267ms returns 0
T7E30 000:375.696 JLINK_CORESIGHT_WriteAPDPReg(AP reg 0x00, 0x80000002)
T7E30 000:375.923 - 0.226ms returns 0
T7E30 000:375.937 JLINK_CORESIGHT_WriteAPDPReg(AP reg 0x01, 0x80011140)
T7E30 000:376.155 - 0.217ms returns 0
T7E30 000:376.170 JLINK_CORESIGHT_ReadAPDPReg(AP reg 0x03)
T7E30 000:376.423   Value=0x00000000
T7E30 000:376.437 - 0.266ms returns 0
T7E30 000:376.445 JLINK_CORESIGHT_WriteAPDPReg(AP reg 0x00, 0x80000002)
T7E30 000:376.667 - 0.222ms returns 0
T7E30 000:376.681 JLINK_CORESIGHT_WriteAPDPReg(AP reg 0x01, 0x80011130)
T7E30 000:376.927 - 0.245ms returns 0
T7E30 000:376.941 JLINK_CORESIGHT_ReadAPDPReg(AP reg 0x03)
T7E30 000:377.224   Value=0x00038902
T7E30 000:377.238 - 0.297ms returns 0
T7E30 000:377.257 JLINK_CORESIGHT_WriteAPDPReg(AP reg 0x00, 0x80000002)
T7E30 000:377.469 - 0.211ms returns 0
T7E30 000:377.487 JLINK_CORESIGHT_WriteAPDPReg(AP reg 0x01, 0x80011140)
T7E30 000:377.690 - 0.203ms returns 0
T7E30 000:377.705 JLINK_CORESIGHT_ReadAPDPReg(AP reg 0x03)
T7E30 000:377.974   Value=0x00000002
T7E30 000:377.988 - 0.283ms returns 0
T7E30 000:377.996 JLINK_CORESIGHT_WriteAPDPReg(AP reg 0x00, 0x80000002)
T7E30 000:378.213 - 0.217ms returns 0
T7E30 000:378.227 JLINK_CORESIGHT_WriteAPDPReg(AP reg 0x01, 0x80011120)
T7E30 000:378.429 - 0.201ms returns 0
T7E30 000:378.444 JLINK_CORESIGHT_WriteAPDPReg(AP reg 0x03, 0x75010001)
T7E30 000:378.651 - 0.206ms returns 0
T7E30 000:378.665 JLINK_CORESIGHT_WriteAPDPReg(AP reg 0x00, 0x80000002)
T7E30 000:378.933 - 0.267ms returns 0
T7E30 000:378.947 JLINK_CORESIGHT_WriteAPDPReg(AP reg 0x01, 0x80011140)
T7E30 000:379.183 - 0.236ms returns 0
T7E30 000:379.198 JLINK_CORESIGHT_ReadAPDPReg(AP reg 0x03)
T7E30 000:379.451   Value=0x00000002
T7E30 000:379.465 - 0.267ms returns 0
T7E30 000:379.473 JLINK_CORESIGHT_WriteAPDPReg(AP reg 0x00, 0x80000002)
T7E30 000:379.680 - 0.206ms returns 0
T7E30 000:379.694 JLINK_CORESIGHT_WriteAPDPReg(AP reg 0x01, 0x80011120)
T7E30 000:379.922 - 0.226ms returns 0
T7E30 000:379.939 JLINK_CORESIGHT_WriteAPDPReg(AP reg 0x03, 0x0000038A)
T7E30 000:380.147 - 0.207ms returns 0
T7E30 000:380.161 JLINK_CORESIGHT_WriteAPDPReg(AP reg 0x00, 0x80000002)
T7E30 000:380.376 - 0.214ms returns 0
T7E30 000:380.390 JLINK_CORESIGHT_WriteAPDPReg(AP reg 0x01, 0x80011140)
T7E30 000:380.598 - 0.207ms returns 0
T7E30 000:380.612 JLINK_CORESIGHT_ReadAPDPReg(AP reg 0x03)
T7E30 000:380.954   Value=0x00000002
T7E30 000:380.968 - 0.356ms returns 0
T7E30 000:380.976 JLINK_CORESIGHT_ReadAPDPReg(AP reg 0x03)
T7E30 000:381.269   Value=0x00000002
T7E30 000:381.286 - 0.309ms returns 0
T7E30 000:381.296 JLINK_CORESIGHT_ReadAPDPReg(AP reg 0x03)
T7E30 000:381.570   Value=0x00000002
T7E30 000:381.584 - 0.287ms returns 0
T7E30 000:381.592 JLINK_CORESIGHT_ReadAPDPReg(AP reg 0x03)
T7E30 000:381.946   Value=0x00000002
T7E30 000:381.960 - 0.368ms returns 0
T7E30 000:381.968 JLINK_CORESIGHT_ReadAPDPReg(AP reg 0x03)
T7E30 000:382.211   Value=0x00000002
T7E30 000:382.220 - 0.252ms returns 0
T7E30 000:382.227 JLINK_CORESIGHT_ReadAPDPReg(AP reg 0x03)
T7E30 000:382.439   Value=0x00000002
T7E30 000:382.447 - 0.219ms returns 0
T7E30 000:382.453 JLINK_CORESIGHT_ReadAPDPReg(AP reg 0x03)
T7E30 000:382.665   Value=0x00000002
T7E30 000:382.673 - 0.219ms returns 0
T7E30 000:382.679 JLINK_CORESIGHT_ReadAPDPReg(AP reg 0x03)
T7E30 000:382.896   Value=0x00000002
T7E30 000:382.904 - 0.225ms returns 0
T7E30 000:382.910 JLINK_CORESIGHT_ReadAPDPReg(AP reg 0x03)
T7E30 000:383.121   Value=0x00000000
T7E30 000:383.129 - 0.218ms returns 0
T7E30 000:383.135 JLINK_CORESIGHT_WriteAPDPReg(AP reg 0x00, 0x80000002)
T7E30 000:383.295 - 0.159ms returns 0
T7E30 000:383.302 JLINK_CORESIGHT_WriteAPDPReg(AP reg 0x01, 0x80011130)
T7E30 000:383.461 - 0.159ms returns 0
T7E30 000:383.468 JLINK_CORESIGHT_ReadAPDPReg(AP reg 0x03)
T7E30 000:383.678   Value=0x75020081
T7E30 000:383.685 - 0.217ms returns 0
T7E30 000:383.692 JLINK_CORESIGHT_WriteAPDPReg(AP reg 0x00, 0x80000002)
T7E30 000:383.883 - 0.191ms returns 0
T7E30 000:383.890 JLINK_CORESIGHT_WriteAPDPReg(AP reg 0x01, 0x80011140)
T7E30 000:384.049 - 0.159ms returns 0
T7E30 000:384.056 JLINK_CORESIGHT_ReadAPDPReg(AP reg 0x03)
T7E30 000:384.265   Value=0x00000000
T7E30 000:384.272 - 0.216ms returns 0
T7E30 000:384.280 JLINK_CORESIGHT_WriteAPDPReg(AP reg 0x00, 0x80000002)
T7E30 000:384.442 - 0.162ms returns 0
T7E30 000:384.449 JLINK_CORESIGHT_WriteAPDPReg(AP reg 0x01, 0x80011130)
T7E30 000:384.612 - 0.162ms returns 0
T7E30 000:384.619 JLINK_CORESIGHT_ReadAPDPReg(AP reg 0x03)
T7E30 000:384.885   Value=0x00038702
T7E30 000:384.892 - 0.273ms returns 0
T7E30 000:384.905 JLINK_CORESIGHT_WriteAPDPReg(AP reg 0x00, 0x80000002)
T7E30 000:385.061 - 0.156ms returns 0
T7E30 000:385.068 JLINK_CORESIGHT_WriteAPDPReg(AP reg 0x01, 0x80011140)
T7E30 000:385.227 - 0.159ms returns 0
T7E30 000:385.234 JLINK_CORESIGHT_ReadAPDPReg(AP reg 0x03)
T7E30 000:385.445   Value=0x00000002
T7E30 000:385.454 - 0.219ms returns 0
T7E30 000:385.460 JLINK_CORESIGHT_WriteAPDPReg(AP reg 0x00, 0x80000002)
T7E30 000:385.620 - 0.160ms returns 0
T7E30 000:385.627 JLINK_CORESIGHT_WriteAPDPReg(AP reg 0x01, 0x80011120)
T7E30 000:385.787 - 0.159ms returns 0
T7E30 000:385.793 JLINK_CORESIGHT_WriteAPDPReg(AP reg 0x03, 0x4F010001)
T7E30 000:385.990 - 0.197ms returns 0
T7E30 000:385.997 JLINK_CORESIGHT_WriteAPDPReg(AP reg 0x00, 0x80000002)
T7E30 000:386.156 - 0.158ms returns 0
T7E30 000:386.163 JLINK_CORESIGHT_WriteAPDPReg(AP reg 0x01, 0x80011140)
T7E30 000:386.325 - 0.162ms returns 0
T7E30 000:386.332 JLINK_CORESIGHT_ReadAPDPReg(AP reg 0x03)
T7E30 000:386.544   Value=0x00000002
T7E30 000:386.551 - 0.218ms returns 0
T7E30 000:386.558 JLINK_CORESIGHT_WriteAPDPReg(AP reg 0x00, 0x80000002)
T7E30 000:386.717 - 0.159ms returns 0
T7E30 000:386.723 JLINK_CORESIGHT_WriteAPDPReg(AP reg 0x01, 0x80011120)
T7E30 000:386.886 - 0.161ms returns 0
T7E30 000:386.899 JLINK_CORESIGHT_WriteAPDPReg(AP reg 0x03, 0x000003B0)
T7E30 000:387.068 - 0.169ms returns 0
T7E30 000:387.075 JLINK_CORESIGHT_WriteAPDPReg(AP reg 0x00, 0x80000002)
T7E30 000:387.239 - 0.163ms returns 0
T7E30 000:387.246 JLINK_CORESIGHT_WriteAPDPReg(AP reg 0x01, 0x80011140)
T7E30 000:387.405 - 0.159ms returns 0
T7E30 000:387.412 JLINK_CORESIGHT_ReadAPDPReg(AP reg 0x03)
T7E30 000:387.621   Value=0x00000002
T7E30 000:387.629 - 0.216ms returns 0
T7E30 000:387.635 JLINK_CORESIGHT_ReadAPDPReg(AP reg 0x03)
T7E30 000:387.883   Value=0x00000002
T7E30 000:387.890 - 0.255ms returns 0
T7E30 000:387.897 JLINK_CORESIGHT_ReadAPDPReg(AP reg 0x03)
T7E30 000:388.110   Value=0x00000002
T7E30 000:388.117 - 0.220ms returns 0
T7E30 000:388.124 JLINK_CORESIGHT_ReadAPDPReg(AP reg 0x03)
T7E30 000:388.334   Value=0x00000002
T7E30 000:388.342 - 0.218ms returns 0
T7E30 000:388.348 JLINK_CORESIGHT_ReadAPDPReg(AP reg 0x03)
T7E30 000:388.557   Value=0x00000002
T7E30 000:388.572 - 0.223ms returns 0
T7E30 000:388.578 JLINK_CORESIGHT_ReadAPDPReg(AP reg 0x03)
T7E30 000:388.787   Value=0x00000002
T7E30 000:388.795 - 0.216ms returns 0
T7E30 000:388.801 JLINK_CORESIGHT_ReadAPDPReg(AP reg 0x03)
T7E30 000:389.040   Value=0x00000002
T7E30 000:389.048 - 0.247ms returns 0
T7E30 000:389.054 JLINK_CORESIGHT_ReadAPDPReg(AP reg 0x03)
T7E30 000:389.263   Value=0x00000002
T7E30 000:389.271 - 0.216ms returns 0
T7E30 000:389.277 JLINK_CORESIGHT_ReadAPDPReg(AP reg 0x03)
T7E30 000:389.492   Value=0x00000000
T7E30 000:389.502 - 0.224ms returns 0
T7E30 000:389.512 JLINK_CORESIGHT_WriteAPDPReg(AP reg 0x00, 0x80000002)
T7E30 000:389.678 - 0.166ms returns 0
T7E30 000:389.687 JLINK_CORESIGHT_WriteAPDPReg(AP reg 0x01, 0x80011130)
T7E30 000:389.886 - 0.199ms returns 0
T7E30 000:389.896 JLINK_CORESIGHT_ReadAPDPReg(AP reg 0x03)
T7E30 000:390.134   Value=0x4F0B0081
T7E30 000:390.142 - 0.246ms returns 0
T7E30 000:390.150 JLINK_CORESIGHT_WriteAPDPReg(AP reg 0x00, 0x80000002)
T7E30 000:390.331 - 0.180ms returns 0
T7E30 000:390.359 JLINK_CORESIGHT_WriteAPDPReg(AP reg 0x01, 0x80011140)
T7E30 000:390.541 - 0.182ms returns 0
T7E30 000:390.556 JLINK_CORESIGHT_ReadAPDPReg(AP reg 0x03)
T7E30 000:390.778   Value=0x00000000
T7E30 000:390.791 - 0.235ms returns 0
T7E30 000:390.803 JLINK_CORESIGHT_WriteAPDPReg(AP reg 0x00, 0x80000002)
T7E30 000:390.991 - 0.187ms returns 0
T7E30 000:391.004 JLINK_CORESIGHT_WriteAPDPReg(AP reg 0x01, 0x80011130)
T7E30 000:391.183 - 0.179ms returns 0
T7E30 000:391.199 JLINK_CORESIGHT_ReadAPDPReg(AP reg 0x03)
T7E30 000:391.422   Value=0x20000000
T7E30 000:391.435 - 0.236ms returns 0
T7E30 000:391.457 JLINK_CORESIGHT_WriteAPDPReg(AP reg 0x00, 0x80000002)
T7E30 000:391.688 - 0.230ms returns 0
T7E30 000:391.711 JLINK_CORESIGHT_WriteAPDPReg(AP reg 0x01, 0x80011140)
T7E30 000:391.920 - 0.209ms returns 0
T7E30 000:391.943 JLINK_CORESIGHT_ReadAPDPReg(AP reg 0x03)
T7E30 000:392.179   Value=0x00000000
T7E30 000:392.193 - 0.250ms returns 0
T7E30 000:392.206 JLINK_CORESIGHT_WriteAPDPReg(AP reg 0x00, 0x80000002)
T7E30 000:392.442 - 0.235ms returns 0
T7E30 000:392.454 JLINK_CORESIGHT_WriteAPDPReg(AP reg 0x01, 0x80011130)
T7E30 000:392.618 - 0.163ms returns 0
T7E30 000:392.628 JLINK_CORESIGHT_ReadAPDPReg(AP reg 0x03)
T7E30 000:392.884   Value=0x00000000
T7E30 000:392.891 - 0.263ms returns 0
T7E30 000:392.900 JLINK_CORESIGHT_WriteAPDPReg(AP reg 0x00, 0x80000002)
T7E30 000:393.087 - 0.188ms returns 0
T7E30 000:393.097 JLINK_CORESIGHT_WriteAPDPReg(AP reg 0x01, 0x80011140)
T7E30 000:393.259 - 0.162ms returns 0
T7E30 000:393.268 JLINK_CORESIGHT_ReadAPDPReg(AP reg 0x03)
T7E30 000:393.481   Value=0x00000000
T7E30 000:393.489 - 0.220ms returns 0
T7E30 000:393.497 JLINK_CORESIGHT_WriteAPDPReg(AP reg 0x00, 0x80000002)
T7E30 000:393.658 - 0.161ms returns 0
T7E30 000:393.667 JLINK_CORESIGHT_WriteAPDPReg(AP reg 0x01, 0x80011130)
T7E30 000:393.884 - 0.217ms returns 0
T7E30 000:393.894 JLINK_CORESIGHT_ReadAPDPReg(AP reg 0x03)
T7E30 000:394.135   Value=0x03860000
T7E30 000:394.144 - 0.250ms returns 0
T7E30 000:394.857 JLINK_CORESIGHT_ReadAPDPReg(DP reg 0x01)
T7E30 000:395.045   Value=0xF0000F40
T7E30 000:395.053 - 0.197ms returns 0
T7E30 000:395.060 JLINK_CORESIGHT_WriteAPDPReg(DP reg 0x01, 0xA0000F40)
T7E30 000:395.215 - 0.155ms returns 0
T7E30 000:395.222 JLINK_CORESIGHT_ReadAPDPReg(DP reg 0x01)
T7E30 000:395.408   Value=0x00000F40
T7E30 000:395.416 - 0.193ms returns 0
T7E30 000:395.422 JLINK_ClrRESET()
T7E30 000:395.574 - 0.151ms 
T7E30 000:498.716 JLINK_Close()
T7E30 000:510.234 - 11.517ms
T7E30 000:510.257   
T7E30 000:510.262   Closed
